<?xml version="1.0" encoding="UTF-8"?>
<Site BuildName="(empty)"
	BuildStamp="20250602-1311-Experimental"
	Name="(empty)"
	Generator="ctest-3.28.3"
	CompilerName=""
	CompilerVersion=""
	OSName="Linux"
	Hostname="DESKTOP-5IDNCV3"
	OSRelease="6.6.87.1-microsoft-standard-WSL2"
	OSVersion="#1 SMP PREEMPT_DYNAMIC Mon Apr 21 17:08:54 UTC 2025"
	OSPlatform="x86_64"
	Is64Bits="1"
	VendorString="GenuineIntel"
	VendorID="Intel Corporation"
	FamilyID="6"
	ModelID="186"
	ProcessorCacheSize="24576"
	NumberOfLogicalCPU="20"
	NumberOfPhysicalCPU="10"
	TotalVirtualMemory="2048"
	TotalPhysicalMemory="7823"
	LogicalProcessorsPerPhysical="2"
	ProcessorClockFrequency="2918.4"
	>
	<Testing>
		<StartDateTime>Jun 02 16:11 MSK</StartDateTime>
		<StartTestTime>1748869863</StartTestTime>
		<TestList/>
		<EndDateTime>Jun 02 16:11 MSK</EndDateTime>
		<EndTestTime>1748869863</EndTestTime>
		<ElapsedMinutes>0</ElapsedMinutes>
	</Testing>
</Site>
